ERROR:root:[words_count: [Errno 2] No such file or directory: 'data/words.txt'
INFO:wheel_of_fortune.game:Game started
INFO:wheel_of_fortune.game:Set lives: 7
INFO:wheel_of_fortune.game:User guessed: "а"
WARNING:wheel_of_fortune.game:Failed to guess: "а"
INFO:wheel_of_fortune.game:Decreased lives: 6
INFO:wheel_of_fortune.game:User guessed: "апош"
WARNING:wheel_of_fortune.game:Failed to guess: "апош"
INFO:wheel_of_fortune.game:Decreased lives: 5
INFO:wheel_of_fortune.game:User guessed: "а"
WARNING:wheel_of_fortune.game:Failed to guess: "а"
INFO:wheel_of_fortune.game:Decreased lives: 4
INFO:wheel_of_fortune.game:User guessed: "а"
WARNING:wheel_of_fortune.game:Failed to guess: "а"
INFO:wheel_of_fortune.game:Decreased lives: 3
INFO:wheel_of_fortune.game:User guessed: "а"
WARNING:wheel_of_fortune.game:Failed to guess: "а"
INFO:wheel_of_fortune.game:Decreased lives: 2
INFO:wheel_of_fortune.game:User guessed: "а"
WARNING:wheel_of_fortune.game:Failed to guess: "а"
INFO:wheel_of_fortune.game:Decreased lives: 1
INFO:wheel_of_fortune.game:User guessed: "а"
WARNING:wheel_of_fortune.game:Failed to guess: "а"
INFO:wheel_of_fortune.game:Decreased lives: 0
INFO:wheel_of_fortune.game:User lost the game
INFO:wheel_of_fortune.game:Game started
INFO:wheel_of_fortune.game:Set lives: 7
INFO:wheel_of_fortune.game:User guessed: "привет"
WARNING:wheel_of_fortune.game:Failed to guess: "привет"
INFO:wheel_of_fortune.game:Decreased lives: 6
INFO:wheel_of_fortune.game:User guessed: "а"
WARNING:wheel_of_fortune.game:Failed to guess: "а"
INFO:wheel_of_fortune.game:Decreased lives: 5
INFO:wheel_of_fortune.game:Game started
INFO:root:Game started
INFO:root:Set lives: 7
INFO:root:User guessed: "п"
WARNING:root:Failed to guess: "п"
INFO:root:Decreased lives: 6
INFO:root:User guessed: "р"
WARNING:root:Failed to guess: "р"
INFO:root:Decreased lives: 5
INFO:root:User guessed: "в"
WARNING:root:Failed to guess: "в"
INFO:root:Decreased lives: 4
INFO:root:User guessed: "п"
WARNING:root:Failed to guess: "п"
INFO:root:Decreased lives: 3
INFO:root:User guessed: "у"
INFO:root:Guessed a letter: "у"
INFO:root:User guessed: "а"
WARNING:root:Failed to guess: "а"
INFO:root:Decreased lives: 2
INFO:root:User guessed: "а"
WARNING:root:Failed to guess: "а"
INFO:root:Decreased lives: 1
INFO:root:User guessed: "у"
INFO:root:Guessed a letter: "у"
INFO:root:User guessed: "ар"
WARNING:root:Failed to guess: "ар"
INFO:root:Decreased lives: 0
INFO:root:User lost the game
INFO:root:Game ended by user
INFO:root:Game started
INFO:root:Set lives: 7
INFO:root:User guessed: "ака"
WARNING:root:Failed to guess: "ака"
INFO:root:Decreased lives: 6
INFO:root:User guessed: "кп"
WARNING:root:Failed to guess: "кп"
INFO:root:Decreased lives: 5
INFO:root:User guessed: "кп"
WARNING:root:Failed to guess: "кп"
INFO:root:Decreased lives: 4
INFO:root:User guessed: "кп"
WARNING:root:Failed to guess: "кп"
INFO:root:Decreased lives: 3
INFO:root:User guessed: "кп"
WARNING:root:Failed to guess: "кп"
INFO:root:Decreased lives: 2
INFO:root:User guessed: "пыкум"
WARNING:root:Failed to guess: "пыкум"
INFO:root:Decreased lives: 1
INFO:root:User guessed: "куп"
WARNING:root:Failed to guess: "куп"
INFO:root:Decreased lives: 0
INFO:root:User lost the game
INFO:root:Game ended by user